2018-05-09 13:48:50 Warning: DebugKit not enabled. You need to either install pdo_sqlite, or define the "debug_kit" connection name.
2018-05-09 14:14:25 Warning: DebugKit not enabled. You need to either install pdo_sqlite, or define the "debug_kit" connection name.
2018-05-09 14:14:41 Warning: DebugKit not enabled. You need to either install pdo_sqlite, or define the "debug_kit" connection name.
2018-05-09 14:18:45 Warning: DebugKit not enabled. You need to either install pdo_sqlite, or define the "debug_kit" connection name.
2018-05-09 14:18:46 Warning: DebugKit not enabled. You need to either install pdo_sqlite, or define the "debug_kit" connection name.
2018-05-09 14:18:46 Warning: DebugKit not enabled. You need to either install pdo_sqlite, or define the "debug_kit" connection name.
2018-05-09 14:18:46 Error: [Cake\Routing\Exception\MissingControllerException] Controller class Js could not be found.
Exception Attributes: array (
  'class' => 'Js',
  'plugin' => false,
  'prefix' => false,
  '_ext' => false,
)
Request URL: /js/bootstrap-switch.js
Referer URL: http://10.11.12.50/users/dashboard
Client IP: 10.11.12.1
Stack Trace:
#0 /vagrant/project/vendor/cakephp/cakephp/src/Http/ControllerFactory.php(72): Cake\Http\ControllerFactory->missingController(Object(Cake\Network\Request))
#1 /vagrant/project/vendor/cakephp/cakephp/src/Routing/Filter/ControllerFactoryFilter.php(63): Cake\Http\ControllerFactory->create(Object(Cake\Network\Request), Object(Cake\Network\Response))
#2 /vagrant/project/vendor/cakephp/cakephp/src/Routing/Filter/ControllerFactoryFilter.php(49): Cake\Routing\Filter\ControllerFactoryFilter->_getController(Object(Cake\Network\Request), Object(Cake\Network\Response))
#3 /vagrant/project/vendor/cakephp/cakephp/src/Routing/DispatcherFilter.php(144): Cake\Routing\Filter\ControllerFactoryFilter->beforeDispatch(Object(Cake\Event\Event))
#4 /vagrant/project/vendor/cakephp/cakephp/src/Event/EventManager.php(426): Cake\Routing\DispatcherFilter->handle(Object(Cake\Event\Event), Object(Cake\Network\Request), Object(Cake\Network\Response))
#5 /vagrant/project/vendor/cakephp/cakephp/src/Event/EventManager.php(391): Cake\Event\EventManager->_callListener(Array, Object(Cake\Event\Event))
#6 /vagrant/project/vendor/cakephp/cakephp/src/Event/EventDispatcherTrait.php(78): Cake\Event\EventManager->dispatch(Object(Cake\Event\Event))
#7 /vagrant/project/vendor/cakephp/cakephp/src/Http/ActionDispatcher.php(80): Cake\Http\ActionDispatcher->dispatchEvent('Dispatcher.befo...', Array)
#8 /vagrant/project/vendor/cakephp/cakephp/src/Routing/Dispatcher.php(60): Cake\Http\ActionDispatcher->dispatch(Object(Cake\Network\Request), Object(Cake\Network\Response))
#9 /vagrant/project/webroot/index.php(36): Cake\Routing\Dispatcher->dispatch(Object(Cake\Network\Request), Object(Cake\Network\Response))
#10 {main}


2018-05-09 14:18:46 Error: [Cake\Routing\Exception\MissingControllerException] Controller class Css could not be found.
Exception Attributes: array (
  'class' => 'Css',
  'plugin' => false,
  'prefix' => false,
  '_ext' => false,
)
Request URL: /css/uniform.default.min.css
Referer URL: http://10.11.12.50/users/dashboard
Client IP: 10.11.12.1
Stack Trace:
#0 /vagrant/project/vendor/cakephp/cakephp/src/Http/ControllerFactory.php(72): Cake\Http\ControllerFactory->missingController(Object(Cake\Network\Request))
#1 /vagrant/project/vendor/cakephp/cakephp/src/Routing/Filter/ControllerFactoryFilter.php(63): Cake\Http\ControllerFactory->create(Object(Cake\Network\Request), Object(Cake\Network\Response))
#2 /vagrant/project/vendor/cakephp/cakephp/src/Routing/Filter/ControllerFactoryFilter.php(49): Cake\Routing\Filter\ControllerFactoryFilter->_getController(Object(Cake\Network\Request), Object(Cake\Network\Response))
#3 /vagrant/project/vendor/cakephp/cakephp/src/Routing/DispatcherFilter.php(144): Cake\Routing\Filter\ControllerFactoryFilter->beforeDispatch(Object(Cake\Event\Event))
#4 /vagrant/project/vendor/cakephp/cakephp/src/Event/EventManager.php(426): Cake\Routing\DispatcherFilter->handle(Object(Cake\Event\Event), Object(Cake\Network\Request), Object(Cake\Network\Response))
#5 /vagrant/project/vendor/cakephp/cakephp/src/Event/EventManager.php(391): Cake\Event\EventManager->_callListener(Array, Object(Cake\Event\Event))
#6 /vagrant/project/vendor/cakephp/cakephp/src/Event/EventDispatcherTrait.php(78): Cake\Event\EventManager->dispatch(Object(Cake\Event\Event))
#7 /vagrant/project/vendor/cakephp/cakephp/src/Http/ActionDispatcher.php(80): Cake\Http\ActionDispatcher->dispatchEvent('Dispatcher.befo...', Array)
#8 /vagrant/project/vendor/cakephp/cakephp/src/Routing/Dispatcher.php(60): Cake\Http\ActionDispatcher->dispatch(Object(Cake\Network\Request), Object(Cake\Network\Response))
#9 /vagrant/project/webroot/index.php(36): Cake\Routing\Dispatcher->dispatch(Object(Cake\Network\Request), Object(Cake\Network\Response))
#10 {main}


2018-05-09 14:18:46 Warning: DebugKit not enabled. You need to either install pdo_sqlite, or define the "debug_kit" connection name.
2018-05-09 14:18:46 Error: [Cake\Routing\Exception\MissingControllerException] Controller class Js could not be found.
Exception Attributes: array (
  'class' => 'Js',
  'plugin' => false,
  'prefix' => false,
  '_ext' => false,
)
Request URL: /js/bootstrap-switch.js
Referer URL: http://10.11.12.50/users/dashboard
Client IP: 10.11.12.1
Stack Trace:
#0 /vagrant/project/vendor/cakephp/cakephp/src/Http/ControllerFactory.php(72): Cake\Http\ControllerFactory->missingController(Object(Cake\Network\Request))
#1 /vagrant/project/vendor/cakephp/cakephp/src/Routing/Filter/ControllerFactoryFilter.php(63): Cake\Http\ControllerFactory->create(Object(Cake\Network\Request), Object(Cake\Network\Response))
#2 /vagrant/project/vendor/cakephp/cakephp/src/Routing/Filter/ControllerFactoryFilter.php(49): Cake\Routing\Filter\ControllerFactoryFilter->_getController(Object(Cake\Network\Request), Object(Cake\Network\Response))
#3 /vagrant/project/vendor/cakephp/cakephp/src/Routing/DispatcherFilter.php(144): Cake\Routing\Filter\ControllerFactoryFilter->beforeDispatch(Object(Cake\Event\Event))
#4 /vagrant/project/vendor/cakephp/cakephp/src/Event/EventManager.php(426): Cake\Routing\DispatcherFilter->handle(Object(Cake\Event\Event), Object(Cake\Network\Request), Object(Cake\Network\Response))
#5 /vagrant/project/vendor/cakephp/cakephp/src/Event/EventManager.php(391): Cake\Event\EventManager->_callListener(Array, Object(Cake\Event\Event))
#6 /vagrant/project/vendor/cakephp/cakephp/src/Event/EventDispatcherTrait.php(78): Cake\Event\EventManager->dispatch(Object(Cake\Event\Event))
#7 /vagrant/project/vendor/cakephp/cakephp/src/Http/ActionDispatcher.php(80): Cake\Http\ActionDispatcher->dispatchEvent('Dispatcher.befo...', Array)
#8 /vagrant/project/vendor/cakephp/cakephp/src/Routing/Dispatcher.php(60): Cake\Http\ActionDispatcher->dispatch(Object(Cake\Network\Request), Object(Cake\Network\Response))
#9 /vagrant/project/webroot/index.php(36): Cake\Routing\Dispatcher->dispatch(Object(Cake\Network\Request), Object(Cake\Network\Response))
#10 {main}


2018-05-09 14:18:46 Warning: DebugKit not enabled. You need to either install pdo_sqlite, or define the "debug_kit" connection name.
2018-05-09 14:18:46 Warning: DebugKit not enabled. You need to either install pdo_sqlite, or define the "debug_kit" connection name.
2018-05-09 14:18:46 Warning: DebugKit not enabled. You need to either install pdo_sqlite, or define the "debug_kit" connection name.
2018-05-09 14:18:46 Error: [Cake\Routing\Exception\MissingControllerException] Controller class Img could not be found.
Exception Attributes: array (
  'class' => 'Img',
  'plugin' => false,
  'prefix' => false,
  '_ext' => false,
)
Request URL: /img/safer_schools_logo.jpg
Referer URL: http://10.11.12.50/css/cake-style.css
Client IP: 10.11.12.1
Stack Trace:
#0 /vagrant/project/vendor/cakephp/cakephp/src/Http/ControllerFactory.php(72): Cake\Http\ControllerFactory->missingController(Object(Cake\Network\Request))
#1 /vagrant/project/vendor/cakephp/cakephp/src/Routing/Filter/ControllerFactoryFilter.php(63): Cake\Http\ControllerFactory->create(Object(Cake\Network\Request), Object(Cake\Network\Response))
#2 /vagrant/project/vendor/cakephp/cakephp/src/Routing/Filter/ControllerFactoryFilter.php(49): Cake\Routing\Filter\ControllerFactoryFilter->_getController(Object(Cake\Network\Request), Object(Cake\Network\Response))
#3 /vagrant/project/vendor/cakephp/cakephp/src/Routing/DispatcherFilter.php(144): Cake\Routing\Filter\ControllerFactoryFilter->beforeDispatch(Object(Cake\Event\Event))
#4 /vagrant/project/vendor/cakephp/cakephp/src/Event/EventManager.php(426): Cake\Routing\DispatcherFilter->handle(Object(Cake\Event\Event), Object(Cake\Network\Request), Object(Cake\Network\Response))
#5 /vagrant/project/vendor/cakephp/cakephp/src/Event/EventManager.php(391): Cake\Event\EventManager->_callListener(Array, Object(Cake\Event\Event))
#6 /vagrant/project/vendor/cakephp/cakephp/src/Event/EventDispatcherTrait.php(78): Cake\Event\EventManager->dispatch(Object(Cake\Event\Event))
#7 /vagrant/project/vendor/cakephp/cakephp/src/Http/ActionDispatcher.php(80): Cake\Http\ActionDispatcher->dispatchEvent('Dispatcher.befo...', Array)
#8 /vagrant/project/vendor/cakephp/cakephp/src/Routing/Dispatcher.php(60): Cake\Http\ActionDispatcher->dispatch(Object(Cake\Network\Request), Object(Cake\Network\Response))
#9 /vagrant/project/webroot/index.php(36): Cake\Routing\Dispatcher->dispatch(Object(Cake\Network\Request), Object(Cake\Network\Response))
#10 {main}


2018-05-09 14:18:46 Error: [Cake\Routing\Exception\MissingControllerException] Controller class Images could not be found.
Exception Attributes: array (
  'class' => 'Images',
  'plugin' => false,
  'prefix' => false,
  '_ext' => false,
)
Request URL: /images/sort_both.png
Referer URL: http://10.11.12.50/css/jquery.dataTables.css
Client IP: 10.11.12.1
Stack Trace:
#0 /vagrant/project/vendor/cakephp/cakephp/src/Http/ControllerFactory.php(72): Cake\Http\ControllerFactory->missingController(Object(Cake\Network\Request))
#1 /vagrant/project/vendor/cakephp/cakephp/src/Routing/Filter/ControllerFactoryFilter.php(63): Cake\Http\ControllerFactory->create(Object(Cake\Network\Request), Object(Cake\Network\Response))
#2 /vagrant/project/vendor/cakephp/cakephp/src/Routing/Filter/ControllerFactoryFilter.php(49): Cake\Routing\Filter\ControllerFactoryFilter->_getController(Object(Cake\Network\Request), Object(Cake\Network\Response))
#3 /vagrant/project/vendor/cakephp/cakephp/src/Routing/DispatcherFilter.php(144): Cake\Routing\Filter\ControllerFactoryFilter->beforeDispatch(Object(Cake\Event\Event))
#4 /vagrant/project/vendor/cakephp/cakephp/src/Event/EventManager.php(426): Cake\Routing\DispatcherFilter->handle(Object(Cake\Event\Event), Object(Cake\Network\Request), Object(Cake\Network\Response))
#5 /vagrant/project/vendor/cakephp/cakephp/src/Event/EventManager.php(391): Cake\Event\EventManager->_callListener(Array, Object(Cake\Event\Event))
#6 /vagrant/project/vendor/cakephp/cakephp/src/Event/EventDispatcherTrait.php(78): Cake\Event\EventManager->dispatch(Object(Cake\Event\Event))
#7 /vagrant/project/vendor/cakephp/cakephp/src/Http/ActionDispatcher.php(80): Cake\Http\ActionDispatcher->dispatchEvent('Dispatcher.befo...', Array)
#8 /vagrant/project/vendor/cakephp/cakephp/src/Routing/Dispatcher.php(60): Cake\Http\ActionDispatcher->dispatch(Object(Cake\Network\Request), Object(Cake\Network\Response))
#9 /vagrant/project/webroot/index.php(36): Cake\Routing\Dispatcher->dispatch(Object(Cake\Network\Request), Object(Cake\Network\Response))
#10 {main}


2018-05-09 14:18:46 Error: [Cake\Routing\Exception\MissingControllerException] Controller class Images could not be found.
Exception Attributes: array (
  'class' => 'Images',
  'plugin' => false,
  'prefix' => false,
  '_ext' => false,
)
Request URL: /images/sort_asc.png
Referer URL: http://10.11.12.50/css/jquery.dataTables.css
Client IP: 10.11.12.1
Stack Trace:
#0 /vagrant/project/vendor/cakephp/cakephp/src/Http/ControllerFactory.php(72): Cake\Http\ControllerFactory->missingController(Object(Cake\Network\Request))
#1 /vagrant/project/vendor/cakephp/cakephp/src/Routing/Filter/ControllerFactoryFilter.php(63): Cake\Http\ControllerFactory->create(Object(Cake\Network\Request), Object(Cake\Network\Response))
#2 /vagrant/project/vendor/cakephp/cakephp/src/Routing/Filter/ControllerFactoryFilter.php(49): Cake\Routing\Filter\ControllerFactoryFilter->_getController(Object(Cake\Network\Request), Object(Cake\Network\Response))
#3 /vagrant/project/vendor/cakephp/cakephp/src/Routing/DispatcherFilter.php(144): Cake\Routing\Filter\ControllerFactoryFilter->beforeDispatch(Object(Cake\Event\Event))
#4 /vagrant/project/vendor/cakephp/cakephp/src/Event/EventManager.php(426): Cake\Routing\DispatcherFilter->handle(Object(Cake\Event\Event), Object(Cake\Network\Request), Object(Cake\Network\Response))
#5 /vagrant/project/vendor/cakephp/cakephp/src/Event/EventManager.php(391): Cake\Event\EventManager->_callListener(Array, Object(Cake\Event\Event))
#6 /vagrant/project/vendor/cakephp/cakephp/src/Event/EventDispatcherTrait.php(78): Cake\Event\EventManager->dispatch(Object(Cake\Event\Event))
#7 /vagrant/project/vendor/cakephp/cakephp/src/Http/ActionDispatcher.php(80): Cake\Http\ActionDispatcher->dispatchEvent('Dispatcher.befo...', Array)
#8 /vagrant/project/vendor/cakephp/cakephp/src/Routing/Dispatcher.php(60): Cake\Http\ActionDispatcher->dispatch(Object(Cake\Network\Request), Object(Cake\Network\Response))
#9 /vagrant/project/webroot/index.php(36): Cake\Routing\Dispatcher->dispatch(Object(Cake\Network\Request), Object(Cake\Network\Response))
#10 {main}


2018-05-09 14:47:26 Warning: DebugKit not enabled. You need to either install pdo_sqlite, or define the "debug_kit" connection name.
2018-05-09 14:48:23 Warning: DebugKit not enabled. You need to either install pdo_sqlite, or define the "debug_kit" connection name.
